[1/4] Building CXX object dunkan/CMakeFiles/app.dir/src/VulkanRenderPass.cpp.obj
FAILED: [code=1] dunkan/CMakeFiles/app.dir/src/VulkanRenderPass.cpp.obj 
C:\Users\Emanuel\AppData\Local\Microsoft\WinGet\Packages\BrechtSanders.WinLibs.POSIX.UCRT_Microsoft.Winget.Source_8wekyb3d8bbwe\mingw64\bin\c++.exe -DDEBUG_IMGUI -IC:/Users/Emanuel/Projects/another-dunkan-engine/dunkan/include -IC:/Users/Emanuel/Projects/another-dunkan-engine/build/_deps/imgui-src -IC:/Users/Emanuel/Projects/another-dunkan-engine/build/_deps/imgui-src/backends -IC:/Users/Emanuel/Projects/another-dunkan-engine/build/_deps/stb-src -IC:/Users/Emanuel/Projects/another-dunkan-engine/build/_deps/glm-src -I/usr/local/bin -IC:/VulkanSDK/1.4.328.1/Bin -IC:/Users/Emanuel/Projects/another-dunkan-engine/build/_deps/glfw-src/include -isystem C:/VulkanSDK/1.4.328.1/include -std=c++2a -Wall -Wpedantic -Wextra -Wdeprecated-declarations -std=gnu++20 -MD -MT dunkan/CMakeFiles/app.dir/src/VulkanRenderPass.cpp.obj -MF dunkan\CMakeFiles\app.dir\src\VulkanRenderPass.cpp.obj.d -o dunkan/CMakeFiles/app.dir/src/VulkanRenderPass.cpp.obj -c C:/Users/Emanuel/Projects/another-dunkan-engine/dunkan/src/VulkanRenderPass.cpp
In file included from C:/Users/Emanuel/Projects/another-dunkan-engine/dunkan/src/VulkanRenderPass.cpp:1:
C:/Users/Emanuel/Projects/another-dunkan-engine/dunkan/include/vulkan/VulkanRenderPass.hpp:14:7: error: 'VulkanRenderPass::VulkanRenderPass' has the same name as the class in which it is declared
   14 | class VulkanRenderPass {
      |       ^~~~~~~~~~~~~~~~
In file included from C:/Users/Emanuel/Projects/another-dunkan-engine/dunkan/src/VulkanRenderPass.cpp:2:
C:/Users/Emanuel/AppData/Local/Microsoft/WinGet/Packages/BrechtSanders.WinLibs.POSIX.UCRT_Microsoft.Winget.Source_8wekyb3d8bbwe/mingw64/include/c++/15.2.0/stdexcept:43:1: error: expected unqualified-id before 'namespace'
   43 | namespace std _GLIBCXX_VISIBILITY(default)
      | ^~~~~~~~~
In file included from C:/Users/Emanuel/Projects/another-dunkan-engine/dunkan/src/VulkanRenderPass.cpp:3:
C:/Users/Emanuel/AppData/Local/Microsoft/WinGet/Packages/BrechtSanders.WinLibs.POSIX.UCRT_Microsoft.Winget.Source_8wekyb3d8bbwe/mingw64/include/c++/15.2.0/array:56:1: error: expected unqualified-id before 'namespace'
   56 | namespace std _GLIBCXX_VISIBILITY(default)
      | ^~~~~~~~~
C:/Users/Emanuel/Projects/another-dunkan-engine/dunkan/src/VulkanRenderPass.cpp:5:1: error: extra qualification 'VulkanRenderPass::' on member 'VulkanRenderPass' [-fpermissive]
    5 | VulkanRenderPass::VulkanRenderPass(VulkanContext& context, VkFormat swapchainFormat)
      | ^~~~~~~~~~~~~~~~
C:/Users/Emanuel/Projects/another-dunkan-engine/dunkan/src/VulkanRenderPass.cpp:9:1: error: extra qualification 'VulkanRenderPass::' on member 'VulkanRenderPass' [-fpermissive]
    9 | VulkanRenderPass::~VulkanRenderPass() {
      | ^~~~~~~~~~~~~~~~
C:/Users/Emanuel/Projects/another-dunkan-engine/dunkan/src/VulkanRenderPass.cpp:13:6: error: extra qualification 'VulkanRenderPass::' on member 'create' [-fpermissive]
   13 | void VulkanRenderPass::create() {
      |      ^~~~~~~~~~~~~~~~
C:/Users/Emanuel/Projects/another-dunkan-engine/dunkan/src/VulkanRenderPass.cpp:56:6: error: extra qualification 'VulkanRenderPass::' on member 'createGBufferRenderPass' [-fpermissive]
   56 | void VulkanRenderPass::createGBufferRenderPass() {
      |      ^~~~~~~~~~~~~~~~
C:/Users/Emanuel/Projects/another-dunkan-engine/dunkan/src/VulkanRenderPass.cpp:157:6: error: extra qualification 'VulkanRenderPass::' on member 'createSSAORenderPass' [-fpermissive]
  157 | void VulkanRenderPass::createSSAORenderPass() {
      |      ^~~~~~~~~~~~~~~~
C:/Users/Emanuel/Projects/another-dunkan-engine/dunkan/src/VulkanRenderPass.cpp:189:6: error: extra qualification 'VulkanRenderPass::' on member 'cleanup' [-fpermissive]
  189 | void VulkanRenderPass::cleanup() {
      |      ^~~~~~~~~~~~~~~~
C:/Users/Emanuel/Projects/another-dunkan-engine/dunkan/src/VulkanRenderPass.cpp:198:2: error: expected '}' at end of input
  198 | }
      |  ^
C:/Users/Emanuel/Projects/another-dunkan-engine/dunkan/include/vulkan/VulkanRenderPass.hpp:7:24: note: to match this '{'
    7 | class VulkanRenderPass {
      |                        ^
C:/Users/Emanuel/Projects/another-dunkan-engine/dunkan/src/VulkanRenderPass.cpp: In constructor 'VulkanRenderPass::VulkanRenderPass(VulkanContext&, VkFormat)':
C:/Users/Emanuel/Projects/another-dunkan-engine/dunkan/src/VulkanRenderPass.cpp:6:7: error: class 'VulkanRenderPass' does not have any field named 'm_context'
    6 |     : m_context(context), m_swapchainFormat(swapchainFormat) {
      |       ^~~~~~~~~
C:/Users/Emanuel/Projects/another-dunkan-engine/dunkan/src/VulkanRenderPass.cpp:6:27: error: class 'VulkanRenderPass' does not have any field named 'm_swapchainFormat'
    6 |     : m_context(context), m_swapchainFormat(swapchainFormat) {
      |                           ^~~~~~~~~~~~~~~~~
C:/Users/Emanuel/Projects/another-dunkan-engine/dunkan/src/VulkanRenderPass.cpp: In member function 'void VulkanRenderPass::create()':
C:/Users/Emanuel/Projects/another-dunkan-engine/dunkan/src/VulkanRenderPass.cpp:16:30: error: 'm_swapchainFormat' was not declared in this scope
   16 |     colorAttachment.format = m_swapchainFormat;
      |                              ^~~~~~~~~~~~~~~~~
C:/Users/Emanuel/Projects/another-dunkan-engine/dunkan/src/VulkanRenderPass.cpp:51:28: error: 'm_context' was not declared in this scope
   51 |     if (vkCreateRenderPass(m_context.getDevice(), &renderPassInfo, nullptr, &m_finalRenderPass) != VK_SUCCESS) {
      |                            ^~~~~~~~~
C:/Users/Emanuel/Projects/another-dunkan-engine/dunkan/src/VulkanRenderPass.cpp:51:78: error: 'm_finalRenderPass' was not declared in this scope
   51 |     if (vkCreateRenderPass(m_context.getDevice(), &renderPassInfo, nullptr, &m_finalRenderPass) != VK_SUCCESS) {
      |                                                                              ^~~~~~~~~~~~~~~~~
C:/Users/Emanuel/Projects/another-dunkan-engine/dunkan/src/VulkanRenderPass.cpp:52:20: error: 'runtime_error' is not a member of 'std'
   52 |         throw std::runtime_error("failed to create render pass!");
      |                    ^~~~~~~~~~~~~
C:/Users/Emanuel/Projects/another-dunkan-engine/dunkan/src/VulkanRenderPass.cpp:4:1: note: 'std::runtime_error' is defined in header '<stdexcept>'; this is probably fixable by adding '#include <stdexcept>'
    3 | #include <array>
  +++ |+#include <stdexcept>
    4 | 
C:/Users/Emanuel/Projects/another-dunkan-engine/dunkan/src/VulkanRenderPass.cpp: In member function 'void VulkanRenderPass::createGBufferRenderPass()':
C:/Users/Emanuel/Projects/another-dunkan-engine/dunkan/src/VulkanRenderPass.cpp:57:44: error: variable 'std::array<VkAttachmentDescription, 5> attachments' has initializer but incomplete type
   57 |     std::array<VkAttachmentDescription, 5> attachments = {};
      |                                            ^~~~~~~~~~~
C:/Users/Emanuel/Projects/another-dunkan-engine/dunkan/src/VulkanRenderPass.cpp:4:1: note: 'std::array' is defined in header '<array>'; this is probably fixable by adding '#include <array>'
    3 | #include <array>
  +++ |+#include <array>
    4 | 
C:/Users/Emanuel/Projects/another-dunkan-engine/dunkan/src/VulkanRenderPass.cpp:100:29: error: 'm_context' was not declared in this scope
  100 |     attachments[4].format = m_context.findDepthFormat();
      |                             ^~~~~~~~~
C:/Users/Emanuel/Projects/another-dunkan-engine/dunkan/src/VulkanRenderPass.cpp:109:42: error: variable 'std::array<VkAttachmentReference, 4> colorRefs' has initializer but incomplete type
  109 |     std::array<VkAttachmentReference, 4> colorRefs = {};
      |                                          ^~~~~~~~~
C:/Users/Emanuel/Projects/another-dunkan-engine/dunkan/src/VulkanRenderPass.cpp:109:42: note: 'std::array' is defined in header '<array>'; this is probably fixable by adding '#include <array>'
C:/Users/Emanuel/Projects/another-dunkan-engine/dunkan/src/VulkanRenderPass.cpp:125:40: error: aggregate 'std::array<VkSubpassDependency, 2> dependencies' has incomplete type and cannot be defined
  125 |     std::array<VkSubpassDependency, 2> dependencies;
      |                                        ^~~~~~~~~~~~
C:/Users/Emanuel/Projects/another-dunkan-engine/dunkan/src/VulkanRenderPass.cpp:125:40: note: 'std::array' is defined in header '<array>'; this is probably fixable by adding '#include <array>'
C:/Users/Emanuel/Projects/another-dunkan-engine/dunkan/src/VulkanRenderPass.cpp:152:78: error: 'm_gbufferRenderPass' was not declared in this scope; did you mean 'createGBufferRenderPass'?
  152 |     if (vkCreateRenderPass(m_context.getDevice(), &renderPassInfo, nullptr, &m_gbufferRenderPass) != VK_SUCCESS) {
      |                                                                              ^~~~~~~~~~~~~~~~~~~
      |                                                                              createGBufferRenderPass
C:/Users/Emanuel/Projects/another-dunkan-engine/dunkan/src/VulkanRenderPass.cpp:153:20: error: 'runtime_error' is not a member of 'std'
  153 |         throw std::runtime_error("failed to create G-Buffer render pass!");
      |                    ^~~~~~~~~~~~~
C:/Users/Emanuel/Projects/another-dunkan-engine/dunkan/src/VulkanRenderPass.cpp:153:20: note: 'std::runtime_error' is defined in header '<stdexcept>'; this is probably fixable by adding '#include <stdexcept>'
C:/Users/Emanuel/Projects/another-dunkan-engine/dunkan/src/VulkanRenderPass.cpp: In member function 'void VulkanRenderPass::createSSAORenderPass()':
C:/Users/Emanuel/Projects/another-dunkan-engine/dunkan/src/VulkanRenderPass.cpp:184:28: error: 'm_context' was not declared in this scope
  184 |     if (vkCreateRenderPass(m_context.getDevice(), &renderPassInfo, nullptr, &m_ssaoRenderPass) != VK_SUCCESS) {
      |                            ^~~~~~~~~
C:/Users/Emanuel/Projects/another-dunkan-engine/dunkan/src/VulkanRenderPass.cpp:184:78: error: 'm_ssaoRenderPass' was not declared in this scope; did you mean 'VulkanRenderPass'?
  184 |     if (vkCreateRenderPass(m_context.getDevice(), &renderPassInfo, nullptr, &m_ssaoRenderPass) != VK_SUCCESS) {
      |                                                                              ^~~~~~~~~~~~~~~~
      |                                                                              VulkanRenderPass
C:/Users/Emanuel/Projects/another-dunkan-engine/dunkan/src/VulkanRenderPass.cpp:185:20: error: 'runtime_error' is not a member of 'std'
  185 |         throw std::runtime_error("failed to create SSAO render pass!");
      |                    ^~~~~~~~~~~~~
C:/Users/Emanuel/Projects/another-dunkan-engine/dunkan/src/VulkanRenderPass.cpp:185:20: note: 'std::runtime_error' is defined in header '<stdexcept>'; this is probably fixable by adding '#include <stdexcept>'
C:/Users/Emanuel/Projects/another-dunkan-engine/dunkan/src/VulkanRenderPass.cpp: In member function 'void VulkanRenderPass::cleanup()':
C:/Users/Emanuel/Projects/another-dunkan-engine/dunkan/src/VulkanRenderPass.cpp:190:9: error: 'm_finalRenderPass' was not declared in this scope
  190 |     if (m_finalRenderPass != VK_NULL_HANDLE) {
      |         ^~~~~~~~~~~~~~~~~
C:/Users/Emanuel/Projects/another-dunkan-engine/dunkan/src/VulkanRenderPass.cpp:191:29: error: 'm_context' was not declared in this scope
  191 |         vkDestroyRenderPass(m_context.getDevice(), m_finalRenderPass, nullptr);
      |                             ^~~~~~~~~
C:/Users/Emanuel/Projects/another-dunkan-engine/dunkan/src/VulkanRenderPass.cpp:194:9: error: 'm_gbufferRenderPass' was not declared in this scope; did you mean 'createGBufferRenderPass'?
  194 |     if (m_gbufferRenderPass != VK_NULL_HANDLE) {
      |         ^~~~~~~~~~~~~~~~~~~
      |         createGBufferRenderPass
C:/Users/Emanuel/Projects/another-dunkan-engine/dunkan/src/VulkanRenderPass.cpp:195:29: error: 'm_context' was not declared in this scope
  195 |         vkDestroyRenderPass(m_context.getDevice(), m_gbufferRenderPass, nullptr);
      |                             ^~~~~~~~~
C:/Users/Emanuel/Projects/another-dunkan-engine/dunkan/src/VulkanRenderPass.cpp: At global scope:
C:/Users/Emanuel/Projects/another-dunkan-engine/dunkan/src/VulkanRenderPass.cpp:198:2: error: expected unqualified-id at end of input
  198 | }
      |  ^
[2/4] Building CXX object dunkan/CMakeFiles/app.dir/src/VulkanSSAO.cpp.obj
FAILED: [code=1] dunkan/CMakeFiles/app.dir/src/VulkanSSAO.cpp.obj 
C:\Users\Emanuel\AppData\Local\Microsoft\WinGet\Packages\BrechtSanders.WinLibs.POSIX.UCRT_Microsoft.Winget.Source_8wekyb3d8bbwe\mingw64\bin\c++.exe -DDEBUG_IMGUI -IC:/Users/Emanuel/Projects/another-dunkan-engine/dunkan/include -IC:/Users/Emanuel/Projects/another-dunkan-engine/build/_deps/imgui-src -IC:/Users/Emanuel/Projects/another-dunkan-engine/build/_deps/imgui-src/backends -IC:/Users/Emanuel/Projects/another-dunkan-engine/build/_deps/stb-src -IC:/Users/Emanuel/Projects/another-dunkan-engine/build/_deps/glm-src -I/usr/local/bin -IC:/VulkanSDK/1.4.328.1/Bin -IC:/Users/Emanuel/Projects/another-dunkan-engine/build/_deps/glfw-src/include -isystem C:/VulkanSDK/1.4.328.1/include -std=c++2a -Wall -Wpedantic -Wextra -Wdeprecated-declarations -std=gnu++20 -MD -MT dunkan/CMakeFiles/app.dir/src/VulkanSSAO.cpp.obj -MF dunkan\CMakeFiles\app.dir\src\VulkanSSAO.cpp.obj.d -o dunkan/CMakeFiles/app.dir/src/VulkanSSAO.cpp.obj -c C:/Users/Emanuel/Projects/another-dunkan-engine/dunkan/src/VulkanSSAO.cpp
In file included from C:/Users/Emanuel/Projects/another-dunkan-engine/dunkan/src/VulkanSSAO.cpp:1:
C:/Users/Emanuel/Projects/another-dunkan-engine/dunkan/include/vulkan/VulkanSSAO.hpp:17:54: error: 'glm' does not name a type
   17 |     void update(VkCommandBuffer commandBuffer, const glm::mat4& projection);
      |                                                      ^~~
C:/Users/Emanuel/Projects/another-dunkan-engine/dunkan/include/vulkan/VulkanSSAO.hpp:17:63: error: expected unqualified-id before '&' token
   17 |     void update(VkCommandBuffer commandBuffer, const glm::mat4& projection);
      |                                                               ^
C:/Users/Emanuel/Projects/another-dunkan-engine/dunkan/include/vulkan/VulkanSSAO.hpp:17:63: error: expected ')' before '&' token
   17 |     void update(VkCommandBuffer commandBuffer, const glm::mat4& projection);
      |                ~                                              ^
      |                                                               )
C:/Users/Emanuel/Projects/another-dunkan-engine/dunkan/include/vulkan/VulkanSSAO.hpp:17:63: error: expected ';' at end of member declaration
   17 |     void update(VkCommandBuffer commandBuffer, const glm::mat4& projection);
      |                                                               ^
      |                                                                ;
C:/Users/Emanuel/Projects/another-dunkan-engine/dunkan/include/vulkan/VulkanSSAO.hpp:17:65: error: 'projection' does not name a type
   17 |     void update(VkCommandBuffer commandBuffer, const glm::mat4& projection);
      |                                                                 ^~~~~~~~~~
C:/Users/Emanuel/Projects/another-dunkan-engine/dunkan/include/vulkan/VulkanSSAO.hpp:38:9: error: 'glm' does not name a type
   38 |         glm::mat4 projection;
      |         ^~~
C:/Users/Emanuel/Projects/another-dunkan-engine/dunkan/include/vulkan/VulkanSSAO.hpp:39:9: error: 'glm' does not name a type
   39 |         glm::vec4 samples[64];
      |         ^~~
C:/Users/Emanuel/Projects/another-dunkan-engine/dunkan/src/VulkanSSAO.cpp: In member function 'void VulkanSSAO::createNoiseTexture()':
C:/Users/Emanuel/Projects/another-dunkan-engine/dunkan/src/VulkanSSAO.cpp:49:17: error: 'glm' was not declared in this scope
   49 |     std::vector<glm::vec4> ssaoNoise;
      |                 ^~~
C:/Users/Emanuel/Projects/another-dunkan-engine/dunkan/src/VulkanSSAO.cpp:49:26: error: template argument 1 is invalid
   49 |     std::vector<glm::vec4> ssaoNoise;
      |                          ^
C:/Users/Emanuel/Projects/another-dunkan-engine/dunkan/src/VulkanSSAO.cpp:49:26: error: template argument 2 is invalid
C:/Users/Emanuel/Projects/another-dunkan-engine/dunkan/src/VulkanSSAO.cpp:51:9: error: 'glm' is not a class, namespace, or enumeration
   51 |         glm::vec4 noise(randomFloats(generator) * 2.0 - 1.0, randomFloats(generator) * 2.0 - 1.0, 0.0f, 0.0f); // rotate around z-axis (in tangent space)
      |         ^~~
C:/Users/Emanuel/Projects/another-dunkan-engine/dunkan/src/VulkanSSAO.cpp:52:19: error: request for member 'push_back' in 'ssaoNoise', which is of non-class type 'int'
   52 |         ssaoNoise.push_back(noise);
      |                   ^~~~~~~~~
C:/Users/Emanuel/Projects/another-dunkan-engine/dunkan/src/VulkanSSAO.cpp:52:29: error: 'noise' was not declared in this scope
   52 |         ssaoNoise.push_back(noise);
      |                             ^~~~~
C:/Users/Emanuel/Projects/another-dunkan-engine/dunkan/src/VulkanSSAO.cpp:62:36: error: request for member 'size' in 'ssaoNoise', which is of non-class type 'int'
   62 |     stagingBuffer.create(ssaoNoise.size() * sizeof(glm::vec4), VK_BUFFER_USAGE_TRANSFER_SRC_BIT,
      |                                    ^~~~
C:/Users/Emanuel/Projects/another-dunkan-engine/dunkan/src/VulkanSSAO.cpp:62:52: error: 'glm' is not a class, namespace, or enumeration
   62 |     stagingBuffer.create(ssaoNoise.size() * sizeof(glm::vec4), VK_BUFFER_USAGE_TRANSFER_SRC_BIT,
      |                                                    ^~~
C:/Users/Emanuel/Projects/another-dunkan-engine/dunkan/src/VulkanSSAO.cpp:64:38: error: request for member 'data' in 'ssaoNoise', which is of non-class type 'int'
   64 |     stagingBuffer.copyFrom(ssaoNoise.data(), ssaoNoise.size() * sizeof(glm::vec4));
      |                                      ^~~~
C:/Users/Emanuel/Projects/another-dunkan-engine/dunkan/src/VulkanSSAO.cpp:64:56: error: request for member 'size' in 'ssaoNoise', which is of non-class type 'int'
   64 |     stagingBuffer.copyFrom(ssaoNoise.data(), ssaoNoise.size() * sizeof(glm::vec4));
      |                                                        ^~~~
C:/Users/Emanuel/Projects/another-dunkan-engine/dunkan/src/VulkanSSAO.cpp:64:72: error: 'glm' is not a class, namespace, or enumeration
   64 |     stagingBuffer.copyFrom(ssaoNoise.data(), ssaoNoise.size() * sizeof(glm::vec4));
      |                                                                        ^~~
C:/Users/Emanuel/Projects/another-dunkan-engine/dunkan/src/VulkanSSAO.cpp: In member function 'void VulkanSSAO::createKernel()':
C:/Users/Emanuel/Projects/another-dunkan-engine/dunkan/src/VulkanSSAO.cpp:81:9: error: 'glm' has not been declared
   81 |         glm::vec4 sample(randomFloats(generator) * 2.0 - 1.0, randomFloats(generator) * 2.0 - 1.0, randomFloats(generator), 0.0f);
      |         ^~~
C:/Users/Emanuel/Projects/another-dunkan-engine/dunkan/src/VulkanSSAO.cpp:82:9: error: 'sample' was not declared in this scope
   82 |         sample = glm::normalize(sample);
      |         ^~~~~~
C:/Users/Emanuel/Projects/another-dunkan-engine/dunkan/src/VulkanSSAO.cpp:82:18: error: 'glm' has not been declared
   82 |         sample = glm::normalize(sample);
      |                  ^~~
C:/Users/Emanuel/Projects/another-dunkan-engine/dunkan/src/VulkanSSAO.cpp:87:19: error: 'struct VulkanSSAO::SSAOKernel' has no member named 'samples'
   87 |         m_uboData.samples[i] = sample;
      |                   ^~~~~~~
C:/Users/Emanuel/Projects/another-dunkan-engine/dunkan/src/VulkanSSAO.cpp: At global scope:
C:/Users/Emanuel/Projects/another-dunkan-engine/dunkan/src/VulkanSSAO.cpp:273:62: error: 'glm' does not name a type
  273 | void VulkanSSAO::update(VkCommandBuffer commandBuffer, const glm::mat4& projection) {
      |                                                              ^~~
C:/Users/Emanuel/Projects/another-dunkan-engine/dunkan/src/VulkanSSAO.cpp:273:71: error: expected unqualified-id before '&' token
  273 | void VulkanSSAO::update(VkCommandBuffer commandBuffer, const glm::mat4& projection) {
      |                                                                       ^
C:/Users/Emanuel/Projects/another-dunkan-engine/dunkan/src/VulkanSSAO.cpp:273:71: error: expected ')' before '&' token
  273 | void VulkanSSAO::update(VkCommandBuffer commandBuffer, const glm::mat4& projection) {
      |                        ~                                              ^
      |                                                                       )
C:/Users/Emanuel/Projects/another-dunkan-engine/dunkan/src/VulkanSSAO.cpp:273:73: error: expected initializer before 'projection'
  273 | void VulkanSSAO::update(VkCommandBuffer commandBuffer, const glm::mat4& projection) {
      |                                                                         ^~~~~~~~~~
[3/4] Building CXX object dunkan/CMakeFiles/app.dir/src/main.cpp.obj
FAILED: [code=1] dunkan/CMakeFiles/app.dir/src/main.cpp.obj 
C:\Users\Emanuel\AppData\Local\Microsoft\WinGet\Packages\BrechtSanders.WinLibs.POSIX.UCRT_Microsoft.Winget.Source_8wekyb3d8bbwe\mingw64\bin\c++.exe -DDEBUG_IMGUI -IC:/Users/Emanuel/Projects/another-dunkan-engine/dunkan/include -IC:/Users/Emanuel/Projects/another-dunkan-engine/build/_deps/imgui-src -IC:/Users/Emanuel/Projects/another-dunkan-engine/build/_deps/imgui-src/backends -IC:/Users/Emanuel/Projects/another-dunkan-engine/build/_deps/stb-src -IC:/Users/Emanuel/Projects/another-dunkan-engine/build/_deps/glm-src -I/usr/local/bin -IC:/VulkanSDK/1.4.328.1/Bin -IC:/Users/Emanuel/Projects/another-dunkan-engine/build/_deps/glfw-src/include -isystem C:/VulkanSDK/1.4.328.1/include -std=c++2a -Wall -Wpedantic -Wextra -Wdeprecated-declarations -std=gnu++20 -MD -MT dunkan/CMakeFiles/app.dir/src/main.cpp.obj -MF dunkan\CMakeFiles\app.dir\src\main.cpp.obj.d -o dunkan/CMakeFiles/app.dir/src/main.cpp.obj -c C:/Users/Emanuel/Projects/another-dunkan-engine/dunkan/src/main.cpp
C:/Users/Emanuel/Projects/another-dunkan-engine/dunkan/src/main.cpp:36:5: error: 'VulkanContext' does not name a type
   36 |     VulkanContext* vulkanContext = nullptr;
      |     ^~~~~~~~~~~~~
C:/Users/Emanuel/Projects/another-dunkan-engine/dunkan/src/main.cpp:37:5: error: 'VulkanSwapchain' does not name a type
   37 |     VulkanSwapchain* swapchain = nullptr;
      |     ^~~~~~~~~~~~~~~
C:/Users/Emanuel/Projects/another-dunkan-engine/dunkan/src/main.cpp:38:5: error: 'VulkanRenderPass' does not name a type; did you mean 'VkRenderPass'?
   38 |     VulkanRenderPass* renderPass = nullptr;
      |     ^~~~~~~~~~~~~~~~
      |     VkRenderPass
C:/Users/Emanuel/Projects/another-dunkan-engine/dunkan/src/main.cpp:39:5: error: 'VulkanPipeline' does not name a type; did you mean 'VkPipeline'?
   39 |     VulkanPipeline* pipeline = nullptr;
      |     ^~~~~~~~~~~~~~
      |     VkPipeline
C:/Users/Emanuel/Projects/another-dunkan-engine/dunkan/src/main.cpp:40:5: error: 'VulkanPipeline' does not name a type; did you mean 'VkPipeline'?
   40 |     VulkanPipeline* compPipeline = nullptr;
      |     ^~~~~~~~~~~~~~
      |     VkPipeline
C:/Users/Emanuel/Projects/another-dunkan-engine/dunkan/src/main.cpp:41:5: error: 'VulkanDescriptorManager' does not name a type
   41 |     VulkanDescriptorManager* descriptorManager = nullptr;
      |     ^~~~~~~~~~~~~~~~~~~~~~~
C:/Users/Emanuel/Projects/another-dunkan-engine/dunkan/src/main.cpp:42:5: error: 'VulkanRenderSystem' does not name a type
   42 |     VulkanRenderSystem* renderSystem = nullptr;
      |     ^~~~~~~~~~~~~~~~~~
C:/Users/Emanuel/Projects/another-dunkan-engine/dunkan/src/main.cpp:43:5: error: 'VulkanSSAO' does not name a type
   43 |     VulkanSSAO* ssao = nullptr;
      |     ^~~~~~~~~~
C:/Users/Emanuel/Projects/another-dunkan-engine/dunkan/src/main.cpp:44:5: error: 'EntityManager' does not name a type
   44 |     EntityManager entity_manager;
      |     ^~~~~~~~~~~~~
C:/Users/Emanuel/Projects/another-dunkan-engine/dunkan/src/main.cpp:389:2: error: expected '}' at end of input
  389 | }
      |  ^
C:/Users/Emanuel/Projects/another-dunkan-engine/dunkan/src/main.cpp:24:25: note: to match this '{'
   24 | class VulkanApplication {
      |                         ^
C:/Users/Emanuel/Projects/another-dunkan-engine/dunkan/src/main.cpp: In member function 'void VulkanApplication::run()':
C:/Users/Emanuel/Projects/another-dunkan-engine/dunkan/src/main.cpp:31:9: error: 'cleanup' was not declared in this scope
   31 |         cleanup();
      |         ^~~~~~~
C:/Users/Emanuel/Projects/another-dunkan-engine/dunkan/src/main.cpp: In member function 'void VulkanApplication::initVulkan()':
C:/Users/Emanuel/Projects/another-dunkan-engine/dunkan/src/main.cpp:62:9: error: 'vulkanContext' was not declared in this scope
   62 |         vulkanContext = new VulkanContext();
      |         ^~~~~~~~~~~~~
C:/Users/Emanuel/Projects/another-dunkan-engine/dunkan/src/main.cpp:62:29: error: expected type-specifier before 'VulkanContext'
   62 |         vulkanContext = new VulkanContext();
      |                             ^~~~~~~~~~~~~
C:/Users/Emanuel/Projects/another-dunkan-engine/dunkan/src/main.cpp: In member function 'void VulkanApplication::createCommandBuffers()':
C:/Users/Emanuel/Projects/another-dunkan-engine/dunkan/src/main.cpp:72:33: error: 'vulkanContext' was not declared in this scope
   72 |         allocInfo.commandPool = vulkanContext->getCommandPool();
      |                                 ^~~~~~~~~~~~~
C:/Users/Emanuel/Projects/another-dunkan-engine/dunkan/src/main.cpp: In member function 'void VulkanApplication::createSyncObjects()':
C:/Users/Emanuel/Projects/another-dunkan-engine/dunkan/src/main.cpp:94:35: error: 'vulkanContext' was not declared in this scope
   94 |             if (vkCreateSemaphore(vulkanContext->getDevice(), &semaphoreInfo, nullptr, &imageAvailableSemaphores[i]) != VK_SUCCESS ||
      |                                   ^~~~~~~~~~~~~
C:/Users/Emanuel/Projects/another-dunkan-engine/dunkan/src/main.cpp: In member function 'void VulkanApplication::loadGameEntities()':
C:/Users/Emanuel/Projects/another-dunkan-engine/dunkan/src/main.cpp:110:13: error: 'renderSystem' was not declared in this scope
  110 |             renderSystem->loadTexture("abbey_albedo", "data/abbey_albedo.png", "data/abbey_height.png");
      |             ^~~~~~~~~~~~
C:/Users/Emanuel/Projects/another-dunkan-engine/dunkan/src/main.cpp:140:13: error: 'Entity' was not declared in this scope
  140 |             Entity& abbey = entity_manager.create_entity();
      |             ^~~~~~
C:/Users/Emanuel/Projects/another-dunkan-engine/dunkan/src/main.cpp:140:21: error: 'abbey' was not declared in this scope
  140 |             Entity& abbey = entity_manager.create_entity();
      |                     ^~~~~
C:/Users/Emanuel/Projects/another-dunkan-engine/dunkan/src/main.cpp:140:29: error: 'entity_manager' was not declared in this scope
  140 |             Entity& abbey = entity_manager.create_entity();
      |                             ^~~~~~~~~~~~~~
C:/Users/Emanuel/Projects/another-dunkan-engine/dunkan/src/main.cpp:141:42: error: 'PhysicsComponent' was not declared in this scope
  141 |             entity_manager.add_component<PhysicsComponent>(abbey, PhysicsComponent{
      |                                          ^~~~~~~~~~~~~~~~
C:/Users/Emanuel/Projects/another-dunkan-engine/dunkan/src/main.cpp:141:83: error: expected ')' before '{' token
  141 |             entity_manager.add_component<PhysicsComponent>(abbey, PhysicsComponent{
      |                                                                                   ^
C:/Users/Emanuel/Projects/another-dunkan-engine/dunkan/src/main.cpp:141:59: note: to match this '('
  141 |             entity_manager.add_component<PhysicsComponent>(abbey, PhysicsComponent{
      |                                                           ^
C:/Users/Emanuel/Projects/another-dunkan-engine/dunkan/src/main.cpp:146:42: error: 'RenderComponent' was not declared in this scope
  146 |             entity_manager.add_component<RenderComponent>(abbey, RenderComponent{
      |                                          ^~~~~~~~~~~~~~~
C:/Users/Emanuel/Projects/another-dunkan-engine/dunkan/src/main.cpp:146:81: error: expected ')' before '{' token
  146 |             entity_manager.add_component<RenderComponent>(abbey, RenderComponent{
      |                                                                                 ^
C:/Users/Emanuel/Projects/another-dunkan-engine/dunkan/src/main.cpp:146:58: note: to match this '('
  146 |             entity_manager.add_component<RenderComponent>(abbey, RenderComponent{
      |                                                          ^
C:/Users/Emanuel/Projects/another-dunkan-engine/dunkan/src/main.cpp:158:25: error: 'tree' was not declared in this scope; did you mean 'free'?
  158 |                 Entity& tree = entity_manager.create_entity();
      |                         ^~~~
      |                         free
C:/Users/Emanuel/Projects/another-dunkan-engine/dunkan/src/main.cpp:159:86: error: expected ')' before '{' token
  159 |                 entity_manager.add_component<PhysicsComponent>(tree, PhysicsComponent{
      |                                                                                      ^
C:/Users/Emanuel/Projects/another-dunkan-engine/dunkan/src/main.cpp:159:63: note: to match this '('
  159 |                 entity_manager.add_component<PhysicsComponent>(tree, PhysicsComponent{
      |                                                               ^
C:/Users/Emanuel/Projects/another-dunkan-engine/dunkan/src/main.cpp:164:84: error: expected ')' before '{' token
  164 |                 entity_manager.add_component<RenderComponent>(tree, RenderComponent{
      |                                                                                    ^
C:/Users/Emanuel/Projects/another-dunkan-engine/dunkan/src/main.cpp:164:62: note: to match this '('
  164 |                 entity_manager.add_component<RenderComponent>(tree, RenderComponent{
      |                                                              ^
C:/Users/Emanuel/Projects/another-dunkan-engine/dunkan/src/main.cpp:177:21: error: 'teapot' was not declared in this scope
  177 |             Entity& teapot = entity_manager.create_entity();
      |                     ^~~~~~
C:/Users/Emanuel/Projects/another-dunkan-engine/dunkan/src/main.cpp:178:84: error: expected ')' before '{' token
  178 |             entity_manager.add_component<PhysicsComponent>(teapot, PhysicsComponent{
      |                                                                                    ^
C:/Users/Emanuel/Projects/another-dunkan-engine/dunkan/src/main.cpp:178:59: note: to match this '('
  178 |             entity_manager.add_component<PhysicsComponent>(teapot, PhysicsComponent{
      |                                                           ^
C:/Users/Emanuel/Projects/another-dunkan-engine/dunkan/src/main.cpp:183:82: error: expected ')' before '{' token
  183 |             entity_manager.add_component<RenderComponent>(teapot, RenderComponent{
      |                                                                                  ^
C:/Users/Emanuel/Projects/another-dunkan-engine/dunkan/src/main.cpp:183:58: note: to match this '('
  183 |             entity_manager.add_component<RenderComponent>(teapot, RenderComponent{
      |                                                          ^
C:/Users/Emanuel/Projects/another-dunkan-engine/dunkan/src/main.cpp:194:21: error: 'torus' was not declared in this scope
  194 |             Entity& torus = entity_manager.create_entity();
      |                     ^~~~~
C:/Users/Emanuel/Projects/another-dunkan-engine/dunkan/src/main.cpp:195:83: error: expected ')' before '{' token
  195 |             entity_manager.add_component<PhysicsComponent>(torus, PhysicsComponent{
      |                                                                                   ^
C:/Users/Emanuel/Projects/another-dunkan-engine/dunkan/src/main.cpp:195:59: note: to match this '('
  195 |             entity_manager.add_component<PhysicsComponent>(torus, PhysicsComponent{
      |                                                           ^
C:/Users/Emanuel/Projects/another-dunkan-engine/dunkan/src/main.cpp:200:81: error: expected ')' before '{' token
  200 |             entity_manager.add_component<RenderComponent>(torus, RenderComponent{
      |                                                                                 ^
C:/Users/Emanuel/Projects/another-dunkan-engine/dunkan/src/main.cpp:200:58: note: to match this '('
  200 |             entity_manager.add_component<RenderComponent>(torus, RenderComponent{
      |                                                          ^
C:/Users/Emanuel/Projects/another-dunkan-engine/dunkan/src/main.cpp:212:21: error: 'ground' was not declared in this scope; did you mean 'round'?
  212 |             Entity& ground = entity_manager.create_entity();
      |                     ^~~~~~
      |                     round
C:/Users/Emanuel/Projects/another-dunkan-engine/dunkan/src/main.cpp:213:84: error: expected ')' before '{' token
  213 |             entity_manager.add_component<PhysicsComponent>(ground, PhysicsComponent{
      |                                                                                    ^
C:/Users/Emanuel/Projects/another-dunkan-engine/dunkan/src/main.cpp:213:59: note: to match this '('
  213 |             entity_manager.add_component<PhysicsComponent>(ground, PhysicsComponent{
      |                                                           ^
C:/Users/Emanuel/Projects/another-dunkan-engine/dunkan/src/main.cpp:218:82: error: expected ')' before '{' token
  218 |             entity_manager.add_component<RenderComponent>(ground, RenderComponent{
      |                                                                                  ^
C:/Users/Emanuel/Projects/another-dunkan-engine/dunkan/src/main.cpp:218:58: note: to match this '('
  218 |             entity_manager.add_component<RenderComponent>(ground, RenderComponent{
      |                                                          ^
C:/Users/Emanuel/Projects/another-dunkan-engine/dunkan/src/main.cpp: In member function 'void VulkanApplication::recordCommandBuffer(VkCommandBuffer, uint32_t)':
C:/Users/Emanuel/Projects/another-dunkan-engine/dunkan/src/main.cpp:245:9: error: 'renderSystem' was not declared in this scope
  245 |         renderSystem->prepareFrame(commandBuffer, currentFrame);
      |         ^~~~~~~~~~~~
C:/Users/Emanuel/Projects/another-dunkan-engine/dunkan/src/main.cpp:252:39: error: 'renderPass' was not declared in this scope; did you mean 'VkRenderPass'?
  252 |             ssaoPassInfo.renderPass = renderPass->getSSAORenderPass();
      |                                       ^~~~~~~~~~
      |                                       VkRenderPass
C:/Users/Emanuel/Projects/another-dunkan-engine/dunkan/src/main.cpp:253:40: error: 'ssao' was not declared in this scope
  253 |             ssaoPassInfo.framebuffer = ssao->framebuffer;
      |                                        ^~~~
C:/Users/Emanuel/Projects/another-dunkan-engine/dunkan/src/main.cpp:255:46: error: 'swapchain' was not declared in this scope
  255 |             ssaoPassInfo.renderArea.extent = swapchain->getExtent();
      |                                              ^~~~~~~~~
C:/Users/Emanuel/Projects/another-dunkan-engine/dunkan/src/main.cpp:279:37: error: 'renderPass' was not declared in this scope; did you mean 'VkRenderPass'?
  279 |         renderPassInfo.renderPass = renderPass->getFinalRenderPass();
      |                                     ^~~~~~~~~~
      |                                     VkRenderPass
C:/Users/Emanuel/Projects/another-dunkan-engine/dunkan/src/main.cpp:280:38: error: 'swapchain' was not declared in this scope
  280 |         renderPassInfo.framebuffer = swapchain->getFramebuffers()[imageIndex];
      |                                      ^~~~~~~~~
C:/Users/Emanuel/Projects/another-dunkan-engine/dunkan/src/main.cpp:291:75: error: 'compPipeline' was not declared in this scope; did you mean 'VkPipeline'?
  291 |         vkCmdBindPipeline(commandBuffer, VK_PIPELINE_BIND_POINT_GRAPHICS, compPipeline->getPipeline());
      |                                                                           ^~~~~~~~~~~~
      |                                                                           VkPipeline
C:/Users/Emanuel/Projects/another-dunkan-engine/dunkan/src/main.cpp: In member function 'void VulkanApplication::drawFrame()':
C:/Users/Emanuel/Projects/another-dunkan-engine/dunkan/src/main.cpp:306:25: error: 'vulkanContext' was not declared in this scope
  306 |         vkWaitForFences(vulkanContext->getDevice(), 1, &inFlightFences[currentFrame], VK_TRUE, UINT64_MAX);
      |                         ^~~~~~~~~~~~~
C:/Users/Emanuel/Projects/another-dunkan-engine/dunkan/src/main.cpp:309:77: error: 'swapchain' was not declared in this scope
  309 |         VkResult result = vkAcquireNextImageKHR(vulkanContext->getDevice(), swapchain->getSwapchain(), UINT64_MAX,
      |                                                                             ^~~~~~~~~
C:/Users/Emanuel/Projects/another-dunkan-engine/dunkan/src/main.cpp:314:43: error: 'renderPass' was not declared in this scope; did you mean 'VkRenderPass'?
  314 |             swapchain->createFramebuffers(renderPass->getFinalRenderPass());
      |                                           ^~~~~~~~~~
      |                                           VkRenderPass
C:/Users/Emanuel/Projects/another-dunkan-engine/dunkan/src/main.cpp:358:43: error: 'renderPass' was not declared in this scope; did you mean 'VkRenderPass'?
  358 |             swapchain->createFramebuffers(renderPass->getFinalRenderPass());
      |                                           ^~~~~~~~~~
      |                                           VkRenderPass
C:/Users/Emanuel/Projects/another-dunkan-engine/dunkan/src/main.cpp: In member function 'void VulkanApplication::mainLoop()':
C:/Users/Emanuel/Projects/another-dunkan-engine/dunkan/src/main.cpp:382:69: error: 'entity_manager' was not declared in this scope
  382 |                 std::cout << "FPS: " << m_fps << " | Entities: " << entity_manager.get_entities_count() << std::endl;
      |                                                                     ^~~~~~~~~~~~~~
In file included from C:/Users/Emanuel/AppData/Local/Microsoft/WinGet/Packages/BrechtSanders.WinLibs.POSIX.UCRT_Microsoft.Winget.Source_8wekyb3d8bbwe/mingw64/include/c++/15.2.0/cstdlib:83,
                 from C:/Users/Emanuel/AppData/Local/Microsoft/WinGet/Packages/BrechtSanders.WinLibs.POSIX.UCRT_Microsoft.Winget.Source_8wekyb3d8bbwe/mingw64/include/c++/15.2.0/ext/string_conversions.h:45,
                 from C:/Users/Emanuel/AppData/Local/Microsoft/WinGet/Packages/BrechtSanders.WinLibs.POSIX.UCRT_Microsoft.Winget.Source_8wekyb3d8bbwe/mingw64/include/c++/15.2.0/bits/basic_string.h:4444,
                 from C:/Users/Emanuel/AppData/Local/Microsoft/WinGet/Packages/BrechtSanders.WinLibs.POSIX.UCRT_Microsoft.Winget.Source_8wekyb3d8bbwe/mingw64/include/c++/15.2.0/string:56,
                 from C:/Users/Emanuel/AppData/Local/Microsoft/WinGet/Packages/BrechtSanders.WinLibs.POSIX.UCRT_Microsoft.Winget.Source_8wekyb3d8bbwe/mingw64/include/c++/15.2.0/bits/locale_classes.h:42,
                 from C:/Users/Emanuel/AppData/Local/Microsoft/WinGet/Packages/BrechtSanders.WinLibs.POSIX.UCRT_Microsoft.Winget.Source_8wekyb3d8bbwe/mingw64/include/c++/15.2.0/bits/ios_base.h:43,
                 from C:/Users/Emanuel/AppData/Local/Microsoft/WinGet/Packages/BrechtSanders.WinLibs.POSIX.UCRT_Microsoft.Winget.Source_8wekyb3d8bbwe/mingw64/include/c++/15.2.0/ios:46,
                 from C:/Users/Emanuel/AppData/Local/Microsoft/WinGet/Packages/BrechtSanders.WinLibs.POSIX.UCRT_Microsoft.Winget.Source_8wekyb3d8bbwe/mingw64/include/c++/15.2.0/bits/ostream.h:43,
                 from C:/Users/Emanuel/AppData/Local/Microsoft/WinGet/Packages/BrechtSanders.WinLibs.POSIX.UCRT_Microsoft.Winget.Source_8wekyb3d8bbwe/mingw64/include/c++/15.2.0/ostream:42,
                 from C:/Users/Emanuel/AppData/Local/Microsoft/WinGet/Packages/BrechtSanders.WinLibs.POSIX.UCRT_Microsoft.Winget.Source_8wekyb3d8bbwe/mingw64/include/c++/15.2.0/iostream:43,
                 from C:/Users/Emanuel/Projects/another-dunkan-engine/dunkan/src/main.cpp:1:
C:/Users/Emanuel/Projects/another-dunkan-engine/dunkan/src/main.cpp:388:12: error: return-statement with a value, in function returning 'void' [-fpermissive]
  388 |     return EXIT_SUCCESS;
      |            ^~~~~~~~~~~~
C:/Users/Emanuel/Projects/another-dunkan-engine/dunkan/src/main.cpp: At global scope:
C:/Users/Emanuel/Projects/another-dunkan-engine/dunkan/src/main.cpp:389:2: error: expected unqualified-id at end of input
  389 | }
      |  ^
ninja: build stopped: subcommand failed.
